Determining if the pthread_create exist failed with the following output:
Change Dir: /home/emanuel/Documents/VC_GL/ex6/exercise6_framework/build/Debug/CMakeFiles/CMakeTmp

Run Build Command:"/usr/bin/make" "cmTC_5865b/fast"
/usr/bin/make -f CMakeFiles/cmTC_5865b.dir/build.make CMakeFiles/cmTC_5865b.dir/build
make[1]: Entering directory '/home/emanuel/Documents/VC_GL/ex6/exercise6_framework/build/Debug/CMakeFiles/CMakeTmp'
Building C object CMakeFiles/cmTC_5865b.dir/CheckSymbolExists.c.o
/usr/bin/cc     -o CMakeFiles/cmTC_5865b.dir/CheckSymbolExists.c.o   -c /home/emanuel/Documents/VC_GL/ex6/exercise6_framework/build/Debug/CMakeFiles/CMakeTmp/CheckSymbolExists.c
Linking C executable cmTC_5865b
/usr/bin/cmake -E cmake_link_script CMakeFiles/cmTC_5865b.dir/link.txt --verbose=1
/usr/bin/cc       CMakeFiles/cmTC_5865b.dir/CheckSymbolExists.c.o  -o cmTC_5865b -rdynamic 
CMakeFiles/cmTC_5865b.dir/CheckSymbolExists.c.o: In function `main':
CheckSymbolExists.c:(.text+0x16): undefined reference to `pthread_create'
collect2: error: ld returned 1 exit status
CMakeFiles/cmTC_5865b.dir/build.make:97: recipe for target 'cmTC_5865b' failed
make[1]: *** [cmTC_5865b] Error 1
make[1]: Leaving directory '/home/emanuel/Documents/VC_GL/ex6/exercise6_framework/build/Debug/CMakeFiles/CMakeTmp'
Makefile:126: recipe for target 'cmTC_5865b/fast' failed
make: *** [cmTC_5865b/fast] Error 2

File /home/emanuel/Documents/VC_GL/ex6/exercise6_framework/build/Debug/CMakeFiles/CMakeTmp/CheckSymbolExists.c:
/* */
#include <pthread.h>

int main(int argc, char** argv)
{
  (void)argv;
#ifndef pthread_create
  return ((int*)(&pthread_create))[argc];
#else
  (void)argc;
  return 0;
#endif
}

Determining if the function pthread_create exists in the pthreads failed with the following output:
Change Dir: /home/emanuel/Documents/VC_GL/ex6/exercise6_framework/build/Debug/CMakeFiles/CMakeTmp

Run Build Command:"/usr/bin/make" "cmTC_85bed/fast"
/usr/bin/make -f CMakeFiles/cmTC_85bed.dir/build.make CMakeFiles/cmTC_85bed.dir/build
make[1]: Entering directory '/home/emanuel/Documents/VC_GL/ex6/exercise6_framework/build/Debug/CMakeFiles/CMakeTmp'
Building C object CMakeFiles/cmTC_85bed.dir/CheckFunctionExists.c.o
/usr/bin/cc    -DCHECK_FUNCTION_EXISTS=pthread_create   -o CMakeFiles/cmTC_85bed.dir/CheckFunctionExists.c.o   -c /usr/share/cmake-3.5/Modules/CheckFunctionExists.c
Linking C executable cmTC_85bed
/usr/bin/cmake -E cmake_link_script CMakeFiles/cmTC_85bed.dir/link.txt --verbose=1
/usr/bin/cc   -DCHECK_FUNCTION_EXISTS=pthread_create    CMakeFiles/cmTC_85bed.dir/CheckFunctionExists.c.o  -o cmTC_85bed -rdynamic -lpthreads 
/usr/bin/ld: cannot find -lpthreads
collect2: error: ld returned 1 exit status
CMakeFiles/cmTC_85bed.dir/build.make:97: recipe for target 'cmTC_85bed' failed
make[1]: *** [cmTC_85bed] Error 1
make[1]: Leaving directory '/home/emanuel/Documents/VC_GL/ex6/exercise6_framework/build/Debug/CMakeFiles/CMakeTmp'
Makefile:126: recipe for target 'cmTC_85bed/fast' failed
make: *** [cmTC_85bed/fast] Error 2


